C:\Program Files\Microsoft Visual Studio\2017\Community\Common7\IDE\VC\VCTargets\Microsoft.CppBuild.targets(373,5): warning MSB8004: Katalog Output nie kończy się ukośnikiem. To wystąpienie kompilacji doda ukośnik, ponieważ jest on niezbędny, aby możliwa była poprawna ocena katalogu Output.
C:\Program Files\Microsoft Visual Studio\2017\Community\Common7\IDE\VC\VCTargets\Microsoft.CppBuild.targets(387,5): warning MSB8028: Katalog pośredni (Release\) zawiera pliki udostępnione z innego projektu (Avoz.vcxproj). Może to spowodować niepoprawne zachowanie podczas oczyszczania i ponownej kompilacji.
  AntiAntiAim.cpp
  Autowall.cpp
  Chams.cpp
  Controls.cpp
  CRC32.cpp
  DamageIndicator.cpp
  DLLMain.cpp
  Dumping.cpp
  ESP.cpp
  GUI.cpp
  Hacks.cpp
  Hooks.cpp
  ReflectiveLoader.cpp
  Interfaces.cpp
  LegitBot.cpp
  MathFunctions.cpp
  Menu.cpp
  MetaInfo.cpp
  MiscHacks.cpp
  NetVarManager.cpp
  NetVars.cpp
  Offsets.cpp
  RageBot.cpp
  RenderManager.cpp
  Resolver.cpp
  ResolverNew.cpp
  SpoofedConvar.cpp
  tinyxml2.cpp
  UTIL Functions.cpp
  Utilities.cpp
  Visual.cpp
  Window.cpp
     Trwa tworzenie biblioteki .\Release\recode.lib i obiektu .\Release\recode.exp
  AYYWARE CSGO.vcxproj -> D:\Steam]\Gry\sourcecody\BIGPASTENZ\AYYWARE CSGO\.\Release\recode.dll
